<?xml version="1.0" encoding="UTF-8"?>
<!-- Generated by org.testng.reporters.JUnitXMLReporter -->
<testsuite ignored="0" hostname="LAPTOP-40QFA21N" failures="1" tests="1" name="Surefire test" time="8.842" errors="0" timestamp="04 Haz 2021 13:04:54 GMT">
  <testcase classname="com.herokuapp.theinternet.PositiveTests" name="loginTest" time="8.82">
    <failure type="java.lang.AssertionError" message="Actual page url is not the same as expected. expected [https://the-internet.herokuapp.com/secure] but found [http://the-internet.herokuapp.com/secure]">
      <![CDATA[java.lang.AssertionError: Actual page url is not the same as expected. expected [https://the-internet.herokuapp.com/secure] but found [http://the-internet.herokuapp.com/secure]
at com.herokuapp.theinternet.PositiveTests.loginTest(PositiveTests.java:44)
... Removed 35 stack frames]]>
    </failure>
  </testcase> <!-- loginTest -->
</testsuite> <!-- Surefire test -->
