<?xml version="1.0" encoding="UTF-8"?>
<!-- Generated by org.testng.reporters.JUnitXMLReporter -->
<testsuite ignored="1" hostname="LAPTOP-40QFA21N" failures="0" tests="1" name="NegativeUsernameTests" time="14.531" errors="0" timestamp="27 Haz 2021 16:41:11 GMT">
  <testcase classname="com.msahin.theinternet.LoginTests" name="negativeLoginTest" time="12.506"/>
  <testcase classname="com.msahin.theinternet.LoginTests" name="positiveLoginTest" time="0.0">
    <ignored/>
  </testcase> <!-- positiveLoginTest -->
</testsuite> <!-- NegativeUsernameTests -->
