<?xml version="1.0" encoding="UTF-8"?>
<!-- Generated by org.testng.reporters.JUnitXMLReporter -->
<testsuite ignored="1" hostname="LAPTOP-40QFA21N" failures="0" tests="1" name="PositiveTests" time="16.76" errors="0" timestamp="27 Haz 2021 16:40:56 GMT">
  <testcase classname="com.msahin.theinternet.LoginTests" name="positiveLoginTest" time="13.481"/>
  <testcase classname="com.msahin.theinternet.LoginTests" name="negativeLoginTest" time="0.0">
    <ignored/>
  </testcase> <!-- negativeLoginTest -->
</testsuite> <!-- PositiveTests -->
