<?xml version="1.0" encoding="UTF-8"?>
<!-- Generated by org.testng.reporters.JUnitXMLReporter -->
<testsuite ignored="1" hostname="LAPTOP-40QFA21N" failures="0" tests="1" name="PositiveLoginTest" time="17.576" errors="0" timestamp="27 Haz 2021 16:42:08 GMT">
  <testcase classname="com.msahin.theinternet.LoginTests" name="positiveLoginTest" time="13.744"/>
  <testcase classname="com.msahin.theinternet.LoginTests" name="negativeLoginTest" time="0.0">
    <ignored/>
  </testcase> <!-- negativeLoginTest -->
</testsuite> <!-- PositiveLoginTest -->
