-------------------------------------------------------------------------------
Test set: com.herokuapp.theinternet.PositiveTests
-------------------------------------------------------------------------------
Tests run: 1, Failures: 1, Errors: 0, Skipped: 0, Time elapsed: 9.758 s <<< FAILURE! - in com.herokuapp.theinternet.PositiveTests
com.herokuapp.theinternet.PositiveTests.loginTest  Time elapsed: 8.838 s  <<< FAILURE!
java.lang.AssertionError: Actual page url is not the same as expected. expected [https://the-internet.herokuapp.com/secure] but found [http://the-internet.herokuapp.com/secure]
	at com.herokuapp.theinternet.PositiveTests.loginTest(PositiveTests.java:44)

