<?xml version="1.0" encoding="UTF-8"?>
<testng-results ignored="1" total="2" passed="1" failed="0" skipped="0">
  <reporter-output>
  </reporter-output>
  <suite started-at="2021-06-27T16:41:51Z" name="Debug" finished-at="2021-06-27T16:42:08Z" duration-ms="17576">
    <groups>
      <group name="positiveTests">
        <method signature="LoginTests.positiveLoginTest()[pri:1, instance:com.msahin.theinternet.LoginTests@683dbc2c]" name="positiveLoginTest" class="com.msahin.theinternet.LoginTests"/>
      </group> <!-- positiveTests -->
      <group name="smokeTests">
        <method signature="LoginTests.positiveLoginTest()[pri:1, instance:com.msahin.theinternet.LoginTests@683dbc2c]" name="positiveLoginTest" class="com.msahin.theinternet.LoginTests"/>
      </group> <!-- smokeTests -->
    </groups>
    <test started-at="2021-06-27T16:41:51Z" name="PositiveLoginTest" finished-at="2021-06-27T16:42:08Z" duration-ms="17576">
      <class name="com.msahin.theinternet.LoginTests">
        <test-method is-config="true" signature="setUp(java.lang.String)[pri:0, instance:com.msahin.theinternet.LoginTests@683dbc2c]" started-at="2021-06-27T16:41:51Z" name="setUp" finished-at="2021-06-27T16:41:54Z" duration-ms="3072" status="PASS">
          <params>
            <param index="0">
              <value>
                <![CDATA[chrome]]>
              </value>
            </param>
          </params>
          <reporter-output>
          </reporter-output>
        </test-method> <!-- setUp -->
        <test-method signature="positiveLoginTest()[pri:1, instance:com.msahin.theinternet.LoginTests@683dbc2c]" started-at="2021-06-27T16:41:54Z" name="positiveLoginTest" finished-at="2021-06-27T16:42:08Z" duration-ms="13744" status="PASS">
          <reporter-output>
          </reporter-output>
        </test-method> <!-- positiveLoginTest -->
        <test-method is-config="true" signature="tearDown()[pri:0, instance:com.msahin.theinternet.LoginTests@683dbc2c]" started-at="2021-06-27T16:42:08Z" name="tearDown" finished-at="2021-06-27T16:42:08Z" duration-ms="719" status="PASS">
          <reporter-output>
          </reporter-output>
        </test-method> <!-- tearDown -->
      </class> <!-- com.msahin.theinternet.LoginTests -->
    </test> <!-- PositiveLoginTest -->
  </suite> <!-- Debug -->
</testng-results>
